# JRE version: Java(TM) SE Runtime Environment (8.0_111-b14) (build 1.8.0_111-b14)
# Java VM: Java HotSpot(TM) Client VM (25.111-b14 mixed mode windows-x86 )
Heap:
 def new generation   total 4928K, used 3262K [0x04800000, 0x04d50000, 0x09d50000)
  eden space 4416K,  68% used [0x04800000, 0x04aeece0, 0x04c50000)
  from space 512K,  50% used [0x04cd0000, 0x04d10d20, 0x04d50000)
  to   space 512K,   0% used [0x04c50000, 0x04c50000, 0x04cd0000)
 tenured generation   total 10944K, used 1198K [0x09d50000, 0x0a800000, 0x14800000)
   the space 10944K,  10% used [0x09d50000, 0x09e7b9f0, 0x09e7ba00, 0x0a800000)
 Metaspace       used 2058K, capacity 2600K, committed 2624K, reserved 4480K
GC Heap History (10 events):
Event: 17.110 GC heap before
{Heap before GC invocations=34 (full 0):
 def new generation   total 4928K, used 4688K [0x04800000, 0x04d50000, 0x09d50000)
  eden space 4416K, 100% used [0x04800000, 0x04c50000, 0x04c50000)
  from space 512K,  53% used [0x04c50000, 0x04c943c8, 0x04cd0000)
  to   space 512K,   0% used [0x04cd0000, 0x04cd0000, 0x04d50000)
 tenured generation   total 10944K, used 1036K [0x09d50000, 0x0a800000, 0x14800000)
   the space 10944K,   9% used [0x09d50000, 0x09e533b8, 0x09e53400, 0x0a800000)
 Metaspace       used 2058K, capacity 2600K, committed 2624K, reserved 4480K
Event: 17.110 GC heap after
Heap after GC invocations=35 (full 0):
 def new generation   total 4928K, used 261K [0x04800000, 0x04d50000, 0x09d50000)
  eden space 4416K,   0% used [0x04800000, 0x04800000, 0x04c50000)
  from space 512K,  51% used [0x04cd0000, 0x04d11608, 0x04d50000)
  to   space 512K,   0% used [0x04c50000, 0x04c50000, 0x04cd0000)
 tenured generation   total 10944K, used 1071K [0x09d50000, 0x0a800000, 0x14800000)
   the space 10944K,   9% used [0x09d50000, 0x09e5bd70, 0x09e5be00, 0x0a800000)
 Metaspace       used 2058K, capacity 2600K, committed 2624K, reserved 4480K
}
Event: 17.186 GC heap before
{Heap before GC invocations=35 (full 0):
 def new generation   total 4928K, used 4677K [0x04800000, 0x04d50000, 0x09d50000)
  eden space 4416K, 100% used [0x04800000, 0x04c50000, 0x04c50000)
  from space 512K,  51% used [0x04cd0000, 0x04d11608, 0x04d50000)
  to   space 512K,   0% used [0x04c50000, 0x04c50000, 0x04cd0000)
 tenured generation   total 10944K, used 1071K [0x09d50000, 0x0a800000, 0x14800000)
   the space 10944K,   9% used [0x09d50000, 0x09e5bd70, 0x09e5be00, 0x0a800000)
 Metaspace       used 2058K, capacity 2600K, committed 2624K, reserved 4480K
Event: 17.186 GC heap after
Heap after GC invocations=36 (full 0):
 def new generation   total 4928K, used 269K [0x04800000, 0x04d50000, 0x09d50000)
  eden space 4416K,   0% used [0x04800000, 0x04800000, 0x04c50000)
  from space 512K,  52% used [0x04c50000, 0x04c934c8, 0x04cd0000)
  to   space 512K,   0% used [0x04cd0000, 0x04cd0000, 0x04d50000)
 tenured generation   total 10944K, used 1103K [0x09d50000, 0x0a800000, 0x14800000)
   the space 10944K,  10% used [0x09d50000, 0x09e63c90, 0x09e63e00, 0x0a800000)
 Metaspace       used 2058K, capacity 2600K, committed 2624K, reserved 4480K
}
Event: 17.265 GC heap before
{Heap before GC invocations=36 (full 0):
 def new generation   total 4928K, used 4685K [0x04800000, 0x04d50000, 0x09d50000)
  eden space 4416K, 100% used [0x04800000, 0x04c50000, 0x04c50000)
  from space 512K,  52% used [0x04c50000, 0x04c934c8, 0x04cd0000)
  to   space 512K,   0% used [0x04cd0000, 0x04cd0000, 0x04d50000)
 tenured generation   total 10944K, used 1103K [0x09d50000, 0x0a800000, 0x14800000)
   the space 10944K,  10% used [0x09d50000, 0x09e63c90, 0x09e63e00, 0x0a800000)
 Metaspace       used 2058K, capacity 2600K, committed 2624K, reserved 4480K
Event: 17.265 GC heap after
Heap after GC invocations=37 (full 0):
 def new generation   total 4928K, used 266K [0x04800000, 0x04d50000, 0x09d50000)
  eden space 4416K,   0% used [0x04800000, 0x04800000, 0x04c50000)
  from space 512K,  52% used [0x04cd0000, 0x04d12938, 0x04d50000)
  to   space 512K,   0% used [0x04c50000, 0x04c50000, 0x04cd0000)
 tenured generation   total 10944K, used 1137K [0x09d50000, 0x0a800000, 0x14800000)
   the space 10944K,  10% used [0x09d50000, 0x09e6c648, 0x09e6c800, 0x0a800000)
 Metaspace       used 2058K, capacity 2600K, committed 2624K, reserved 4480K
}
Event: 17.344 GC heap before
{Heap before GC invocations=37 (full 0):
 def new generation   total 4928K, used 4682K [0x04800000, 0x04d50000, 0x09d50000)
  eden space 4416K, 100% used [0x04800000, 0x04c50000, 0x04c50000)
  from space 512K,  52% used [0x04cd0000, 0x04d12938, 0x04d50000)
  to   space 512K,   0% used [0x04c50000, 0x04c50000, 0x04cd0000)
 tenured generation   total 10944K, used 1137K [0x09d50000, 0x0a800000, 0x14800000)
   the space 10944K,  10% used [0x09d50000, 0x09e6c648, 0x09e6c800, 0x0a800000)
 Metaspace       used 2058K, capacity 2600K, committed 2624K, reserved 4480K
Event: 17.344 GC heap after
Heap after GC invocations=38 (full 0):
 def new generation   total 4928K, used 258K [0x04800000, 0x04d50000, 0x09d50000)
  eden space 4416K,   0% used [0x04800000, 0x04800000, 0x04c50000)
  from space 512K,  50% used [0x04c50000, 0x04c90808, 0x04cd0000)
  to   space 512K,   0% used [0x04cd0000, 0x04cd0000, 0x04d50000)
 tenured generation   total 10944K, used 1166K [0x09d50000, 0x0a800000, 0x14800000)
   the space 10944K,  10% used [0x09d50000, 0x09e73ad0, 0x09e73c00, 0x0a800000)
 Metaspace       used 2058K, capacity 2600K, committed 2624K, reserved 4480K
}
Event: 17.418 GC heap before
{Heap before GC invocations=38 (full 0):
 def new generation   total 4928K, used 4674K [0x04800000, 0x04d50000, 0x09d50000)
  eden space 4416K, 100% used [0x04800000, 0x04c50000, 0x04c50000)
  from space 512K,  50% used [0x04c50000, 0x04c90808, 0x04cd0000)
  to   space 512K,   0% used [0x04cd0000, 0x04cd0000, 0x04d50000)
 tenured generation   total 10944K, used 1166K [0x09d50000, 0x0a800000, 0x14800000)
   the space 10944K,  10% used [0x09d50000, 0x09e73ad0, 0x09e73c00, 0x0a800000)
 Metaspace       used 2058K, capacity 2600K, committed 2624K, reserved 4480K
Event: 17.419 GC heap after
Heap after GC invocations=39 (full 0):
 def new generation   total 4928K, used 259K [0x04800000, 0x04d50000, 0x09d50000)
  eden space 4416K,   0% used [0x04800000, 0x04800000, 0x04c50000)
  from space 512K,  50% used [0x04cd0000, 0x04d10d20, 0x04d50000)
  to   space 512K,   0% used [0x04c50000, 0x04c50000, 0x04cd0000)
 tenured generation   total 10944K, used 1198K [0x09d50000, 0x0a800000, 0x14800000)
   the space 10944K,  10% used [0x09d50000, 0x09e7b9f0, 0x09e7ba00, 0x0a800000)
 Metaspace       used 2058K, capacity 2600K, committed 2624K, reserved 4480K
}

