# JRE version: Java(TM) SE Runtime Environment (8.0_111-b14) (build 1.8.0_111-b14)
# Java VM: Java HotSpot(TM) Client VM (25.111-b14 mixed mode windows-x86 )
Heap:
 def new generation   total 8576K, used 1202K [0x04c00000, 0x05540000, 0x0a150000)
  eden space 7680K,   3% used [0x04c00000, 0x04c4caa0, 0x05380000)
  from space 896K,  99% used [0x05460000, 0x0553fff8, 0x05540000)
  to   space 896K,   0% used [0x05380000, 0x05380000, 0x05460000)
 tenured generation   total 18880K, used 17436K [0x0a150000, 0x0b3c0000, 0x14c00000)
   the space 18880K,  92% used [0x0a150000, 0x0b257140, 0x0b257200, 0x0b3c0000)
 Metaspace       used 2064K, capacity 2600K, committed 2624K, reserved 4480K
GC Heap History (10 events):
Event: 10.215 GC heap before
{Heap before GC invocations=15 (full 1):
 def new generation   total 8576K, used 7680K [0x04c00000, 0x05540000, 0x0a150000)
  eden space 7680K, 100% used [0x04c00000, 0x05380000, 0x05380000)
  from space 896K,   0% used [0x05380000, 0x05380000, 0x05460000)
  to   space 896K,   0% used [0x05460000, 0x05460000, 0x05540000)
 tenured generation   total 18880K, used 11327K [0x0a150000, 0x0b3c0000, 0x14c00000)
   the space 18880K,  59% used [0x0a150000, 0x0ac5fff8, 0x0ac60000, 0x0b3c0000)
 Metaspace       used 2064K, capacity 2600K, committed 2624K, reserved 4480K
Event: 10.224 GC heap after
Heap after GC invocations=16 (full 1):
 def new generation   total 8576K, used 895K [0x04c00000, 0x05540000, 0x0a150000)
  eden space 7680K,   0% used [0x04c00000, 0x04c00000, 0x05380000)
  from space 896K,  99% used [0x05460000, 0x0553fff8, 0x05540000)
  to   space 896K,   0% used [0x05380000, 0x05380000, 0x05460000)
 tenured generation   total 18880K, used 12169K [0x0a150000, 0x0b3c0000, 0x14c00000)
   the space 18880K,  64% used [0x0a150000, 0x0ad32548, 0x0ad32600, 0x0b3c0000)
 Metaspace       used 2064K, capacity 2600K, committed 2624K, reserved 4480K
}
Event: 10.435 GC heap before
{Heap before GC invocations=16 (full 1):
 def new generation   total 8576K, used 8575K [0x04c00000, 0x05540000, 0x0a150000)
  eden space 7680K, 100% used [0x04c00000, 0x05380000, 0x05380000)
  from space 896K,  99% used [0x05460000, 0x0553fff8, 0x05540000)
  to   space 896K,   0% used [0x05380000, 0x05380000, 0x05460000)
 tenured generation   total 18880K, used 12169K [0x0a150000, 0x0b3c0000, 0x14c00000)
   the space 18880K,  64% used [0x0a150000, 0x0ad32548, 0x0ad32600, 0x0b3c0000)
 Metaspace       used 2064K, capacity 2600K, committed 2624K, reserved 4480K
Event: 10.441 GC heap after
Heap after GC invocations=17 (full 1):
 def new generation   total 8576K, used 896K [0x04c00000, 0x05540000, 0x0a150000)
  eden space 7680K,   0% used [0x04c00000, 0x04c00000, 0x05380000)
  from space 896K, 100% used [0x05380000, 0x05460000, 0x05460000)
  to   space 896K,   0% used [0x05460000, 0x05460000, 0x05540000)
 tenured generation   total 18880K, used 13486K [0x0a150000, 0x0b3c0000, 0x14c00000)
   the space 18880K,  71% used [0x0a150000, 0x0ae7b990, 0x0ae7ba00, 0x0b3c0000)
 Metaspace       used 2064K, capacity 2600K, committed 2624K, reserved 4480K
}
Event: 10.648 GC heap before
{Heap before GC invocations=17 (full 1):
 def new generation   total 8576K, used 8576K [0x04c00000, 0x05540000, 0x0a150000)
  eden space 7680K, 100% used [0x04c00000, 0x05380000, 0x05380000)
  from space 896K, 100% used [0x05380000, 0x05460000, 0x05460000)
  to   space 896K,   0% used [0x05460000, 0x05460000, 0x05540000)
 tenured generation   total 18880K, used 13486K [0x0a150000, 0x0b3c0000, 0x14c00000)
   the space 18880K,  71% used [0x0a150000, 0x0ae7b990, 0x0ae7ba00, 0x0b3c0000)
 Metaspace       used 2064K, capacity 2600K, committed 2624K, reserved 4480K
Event: 10.653 GC heap after
Heap after GC invocations=18 (full 1):
 def new generation   total 8576K, used 895K [0x04c00000, 0x05540000, 0x0a150000)
  eden space 7680K,   0% used [0x04c00000, 0x04c00000, 0x05380000)
  from space 896K,  99% used [0x05460000, 0x0553fff8, 0x05540000)
  to   space 896K,   0% used [0x05380000, 0x05380000, 0x05460000)
 tenured generation   total 18880K, used 14802K [0x0a150000, 0x0b3c0000, 0x14c00000)
   the space 18880K,  78% used [0x0a150000, 0x0afc4bd0, 0x0afc4c00, 0x0b3c0000)
 Metaspace       used 2064K, capacity 2600K, committed 2624K, reserved 4480K
}
Event: 10.864 GC heap before
{Heap before GC invocations=18 (full 1):
 def new generation   total 8576K, used 8575K [0x04c00000, 0x05540000, 0x0a150000)
  eden space 7680K, 100% used [0x04c00000, 0x05380000, 0x05380000)
  from space 896K,  99% used [0x05460000, 0x0553fff8, 0x05540000)
  to   space 896K,   0% used [0x05380000, 0x05380000, 0x05460000)
 tenured generation   total 18880K, used 14802K [0x0a150000, 0x0b3c0000, 0x14c00000)
   the space 18880K,  78% used [0x0a150000, 0x0afc4bd0, 0x0afc4c00, 0x0b3c0000)
 Metaspace       used 2064K, capacity 2600K, committed 2624K, reserved 4480K
Event: 10.869 GC heap after
Heap after GC invocations=19 (full 1):
 def new generation   total 8576K, used 896K [0x04c00000, 0x05540000, 0x0a150000)
  eden space 7680K,   0% used [0x04c00000, 0x04c00000, 0x05380000)
  from space 896K, 100% used [0x05380000, 0x05460000, 0x05460000)
  to   space 896K,   0% used [0x05460000, 0x05460000, 0x05540000)
 tenured generation   total 18880K, used 16119K [0x0a150000, 0x0b3c0000, 0x14c00000)
   the space 18880K,  85% used [0x0a150000, 0x0b10de10, 0x0b10e000, 0x0b3c0000)
 Metaspace       used 2064K, capacity 2600K, committed 2624K, reserved 4480K
}
Event: 11.082 GC heap before
{Heap before GC invocations=19 (full 1):
 def new generation   total 8576K, used 8576K [0x04c00000, 0x05540000, 0x0a150000)
  eden space 7680K, 100% used [0x04c00000, 0x05380000, 0x05380000)
  from space 896K, 100% used [0x05380000, 0x05460000, 0x05460000)
  to   space 896K,   0% used [0x05460000, 0x05460000, 0x05540000)
 tenured generation   total 18880K, used 16119K [0x0a150000, 0x0b3c0000, 0x14c00000)
   the space 18880K,  85% used [0x0a150000, 0x0b10de10, 0x0b10e000, 0x0b3c0000)
 Metaspace       used 2064K, capacity 2600K, committed 2624K, reserved 4480K
Event: 11.087 GC heap after
Heap after GC invocations=20 (full 1):
 def new generation   total 8576K, used 895K [0x04c00000, 0x05540000, 0x0a150000)
  eden space 7680K,   0% used [0x04c00000, 0x04c00000, 0x05380000)
  from space 896K,  99% used [0x05460000, 0x0553fff8, 0x05540000)
  to   space 896K,   0% used [0x05380000, 0x05380000, 0x05460000)
 tenured generation   total 18880K, used 17436K [0x0a150000, 0x0b3c0000, 0x14c00000)
   the space 18880K,  92% used [0x0a150000, 0x0b257140, 0x0b257200, 0x0b3c0000)
 Metaspace       used 2064K, capacity 2600K, committed 2624K, reserved 4480K
}

