# JRE version: Java(TM) SE Runtime Environment (8.0_111-b14) (build 1.8.0_111-b14)
# Java VM: Java HotSpot(TM) Client VM (25.111-b14 mixed mode windows-x86 )
Heap:
 def new generation   total 4928K, used 2396K [0x05000000, 0x05550000, 0x0a550000)
  eden space 4416K,  48% used [0x05000000, 0x05211f08, 0x05450000)
  from space 512K,  54% used [0x054d0000, 0x055153a8, 0x05550000)
  to   space 512K,   0% used [0x05450000, 0x05450000, 0x054d0000)
 tenured generation   total 10944K, used 1240K [0x0a550000, 0x0b000000, 0x15000000)
   the space 10944K,  11% used [0x0a550000, 0x0a6863c0, 0x0a686400, 0x0b000000)
 Metaspace       used 2058K, capacity 2600K, committed 2624K, reserved 4480K
GC Heap History (10 events):
Event: 19.019 GC heap before
{Heap before GC invocations=32 (full 0):
 def new generation   total 4928K, used 4702K [0x05000000, 0x05550000, 0x0a550000)
  eden space 4416K, 100% used [0x05000000, 0x05450000, 0x05450000)
  from space 512K,  55% used [0x05450000, 0x05497aa8, 0x054d0000)
  to   space 512K,   0% used [0x054d0000, 0x054d0000, 0x05550000)
 tenured generation   total 10944K, used 1097K [0x0a550000, 0x0b000000, 0x15000000)
   the space 10944K,  10% used [0x0a550000, 0x0a6627b0, 0x0a662800, 0x0b000000)
 Metaspace       used 2058K, capacity 2600K, committed 2624K, reserved 4480K
Event: 19.019 GC heap after
Heap after GC invocations=33 (full 0):
 def new generation   total 4928K, used 269K [0x05000000, 0x05550000, 0x0a550000)
  eden space 4416K,   0% used [0x05000000, 0x05000000, 0x05450000)
  from space 512K,  52% used [0x054d0000, 0x055135b8, 0x05550000)
  to   space 512K,   0% used [0x05450000, 0x05450000, 0x054d0000)
 tenured generation   total 10944K, used 1140K [0x0a550000, 0x0b000000, 0x15000000)
   the space 10944K,  10% used [0x0a550000, 0x0a66d130, 0x0a66d200, 0x0b000000)
 Metaspace       used 2058K, capacity 2600K, committed 2624K, reserved 4480K
}
Event: 19.095 GC heap before
{Heap before GC invocations=33 (full 0):
 def new generation   total 4928K, used 4685K [0x05000000, 0x05550000, 0x0a550000)
  eden space 4416K, 100% used [0x05000000, 0x05450000, 0x05450000)
  from space 512K,  52% used [0x054d0000, 0x055135b8, 0x05550000)
  to   space 512K,   0% used [0x05450000, 0x05450000, 0x054d0000)
 tenured generation   total 10944K, used 1140K [0x0a550000, 0x0b000000, 0x15000000)
   the space 10944K,  10% used [0x0a550000, 0x0a66d130, 0x0a66d200, 0x0b000000)
 Metaspace       used 2058K, capacity 2600K, committed 2624K, reserved 4480K
Event: 19.095 GC heap after
Heap after GC invocations=34 (full 0):
 def new generation   total 4928K, used 264K [0x05000000, 0x05550000, 0x0a550000)
  eden space 4416K,   0% used [0x05000000, 0x05000000, 0x05450000)
  from space 512K,  51% used [0x05450000, 0x054920e8, 0x054d0000)
  to   space 512K,   0% used [0x054d0000, 0x054d0000, 0x05550000)
 tenured generation   total 10944K, used 1174K [0x0a550000, 0x0b000000, 0x15000000)
   the space 10944K,  10% used [0x0a550000, 0x0a675ae8, 0x0a675c00, 0x0b000000)
 Metaspace       used 2058K, capacity 2600K, committed 2624K, reserved 4480K
}
Event: 19.170 GC heap before
{Heap before GC invocations=34 (full 0):
 def new generation   total 4928K, used 4680K [0x05000000, 0x05550000, 0x0a550000)
  eden space 4416K, 100% used [0x05000000, 0x05450000, 0x05450000)
  from space 512K,  51% used [0x05450000, 0x054920e8, 0x054d0000)
  to   space 512K,   0% used [0x054d0000, 0x054d0000, 0x05550000)
 tenured generation   total 10944K, used 1174K [0x0a550000, 0x0b000000, 0x15000000)
   the space 10944K,  10% used [0x0a550000, 0x0a675ae8, 0x0a675c00, 0x0b000000)
 Metaspace       used 2058K, capacity 2600K, committed 2624K, reserved 4480K
Event: 19.171 GC heap after
Heap after GC invocations=35 (full 0):
 def new generation   total 4928K, used 256K [0x05000000, 0x05550000, 0x0a550000)
  eden space 4416K,   0% used [0x05000000, 0x05000000, 0x05450000)
  from space 512K,  50% used [0x054d0000, 0x055101e8, 0x05550000)
  to   space 512K,   0% used [0x05450000, 0x05450000, 0x054d0000)
 tenured generation   total 10944K, used 1211K [0x0a550000, 0x0b000000, 0x15000000)
   the space 10944K,  11% used [0x0a550000, 0x0a67ef38, 0x0a67f000, 0x0b000000)
 Metaspace       used 2058K, capacity 2600K, committed 2624K, reserved 4480K
}
Event: 19.249 GC heap before
{Heap before GC invocations=35 (full 0):
 def new generation   total 4928K, used 4672K [0x05000000, 0x05550000, 0x0a550000)
  eden space 4416K, 100% used [0x05000000, 0x05450000, 0x05450000)
  from space 512K,  50% used [0x054d0000, 0x055101e8, 0x05550000)
  to   space 512K,   0% used [0x05450000, 0x05450000, 0x054d0000)
 tenured generation   total 10944K, used 1211K [0x0a550000, 0x0b000000, 0x15000000)
   the space 10944K,  11% used [0x0a550000, 0x0a67ef38, 0x0a67f000, 0x0b000000)
 Metaspace       used 2058K, capacity 2600K, committed 2624K, reserved 4480K
Event: 19.250 GC heap after
Heap after GC invocations=36 (full 0):
 def new generation   total 4928K, used 243K [0x05000000, 0x05550000, 0x0a550000)
  eden space 4416K,   0% used [0x05000000, 0x05000000, 0x05450000)
  from space 512K,  47% used [0x05450000, 0x0548cfb0, 0x054d0000)
  to   space 512K,   0% used [0x054d0000, 0x054d0000, 0x05550000)
 tenured generation   total 10944K, used 1240K [0x0a550000, 0x0b000000, 0x15000000)
   the space 10944K,  11% used [0x0a550000, 0x0a6863c0, 0x0a686400, 0x0b000000)
 Metaspace       used 2058K, capacity 2600K, committed 2624K, reserved 4480K
}
Event: 19.328 GC heap before
{Heap before GC invocations=36 (full 0):
 def new generation   total 4928K, used 4659K [0x05000000, 0x05550000, 0x0a550000)
  eden space 4416K, 100% used [0x05000000, 0x05450000, 0x05450000)
  from space 512K,  47% used [0x05450000, 0x0548cfb0, 0x054d0000)
  to   space 512K,   0% used [0x054d0000, 0x054d0000, 0x05550000)
 tenured generation   total 10944K, used 1240K [0x0a550000, 0x0b000000, 0x15000000)
   the space 10944K,  11% used [0x0a550000, 0x0a6863c0, 0x0a686400, 0x0b000000)
 Metaspace       used 2058K, capacity 2600K, committed 2624K, reserved 4480K
Event: 19.329 GC heap after
Heap after GC invocations=37 (full 0):
 def new generation   total 4928K, used 276K [0x05000000, 0x05550000, 0x0a550000)
  eden space 4416K,   0% used [0x05000000, 0x05000000, 0x05450000)
  from space 512K,  54% used [0x054d0000, 0x055153a8, 0x05550000)
  to   space 512K,   0% used [0x05450000, 0x05450000, 0x054d0000)
 tenured generation   total 10944K, used 1240K [0x0a550000, 0x0b000000, 0x15000000)
   the space 10944K,  11% used [0x0a550000, 0x0a6863c0, 0x0a686400, 0x0b000000)
 Metaspace       used 2058K, capacity 2600K, committed 2624K, reserved 4480K
}

