# JRE version: Java(TM) SE Runtime Environment (8.0_111-b14) (build 1.8.0_111-b14)
# Java VM: Java HotSpot(TM) Client VM (25.111-b14 mixed mode, sharing windows-x86 )
Heap:
 def new generation   total 26944K, used 6750K [0x04200000, 0x05f30000, 0x09750000)
  eden space 24000K,  15% used [0x04200000, 0x045b79b8, 0x05970000)
  from space 2944K,  99% used [0x05c50000, 0x05f2fff8, 0x05f30000)
  to   space 2944K,   0% used [0x05970000, 0x05970000, 0x05c50000)
 tenured generation   total 59680K, used 55682K [0x09750000, 0x0d198000, 0x14200000)
   the space 59680K,  93% used [0x09750000, 0x0cdb0b40, 0x0cdb0c00, 0x0d198000)
 Metaspace       used 394K, capacity 2600K, committed 2624K, reserved 4480K
GC Heap History (10 events):
Event: 14.468 GC heap before
{Heap before GC invocations=22 (full 2):
 def new generation   total 15296K, used 15295K [0x04200000, 0x05290000, 0x09750000)
  eden space 13632K, 100% used [0x04200000, 0x04f50000, 0x04f50000)
  from space 1664K,  99% used [0x04f50000, 0x050efff8, 0x050f0000)
  to   space 1664K,   0% used [0x050f0000, 0x050f0000, 0x05290000)
 tenured generation   total 33888K, used 27518K [0x09750000, 0x0b868000, 0x14200000)
   the space 33888K,  81% used [0x09750000, 0x0b22f820, 0x0b22fa00, 0x0b868000)
 Metaspace       used 394K, capacity 2600K, committed 2624K, reserved 4480K
Event: 14.477 GC heap after
Heap after GC invocations=23 (full 2):
 def new generation   total 15296K, used 1663K [0x04200000, 0x05290000, 0x09750000)
  eden space 13632K,   0% used [0x04200000, 0x04200000, 0x04f50000)
  from space 1664K,  99% used [0x050f0000, 0x0528fff8, 0x05290000)
  to   space 1664K,   0% used [0x04f50000, 0x04f50000, 0x050f0000)
 tenured generation   total 33888K, used 31707K [0x09750000, 0x0b868000, 0x14200000)
   the space 33888K,  93% used [0x09750000, 0x0b646c28, 0x0b646e00, 0x0b868000)
 Metaspace       used 394K, capacity 2600K, committed 2624K, reserved 4480K
}
Event: 14.894 GC heap before
{Heap before GC invocations=23 (full 2):
 def new generation   total 15296K, used 15295K [0x04200000, 0x05290000, 0x09750000)
  eden space 13632K, 100% used [0x04200000, 0x04f50000, 0x04f50000)
  from space 1664K,  99% used [0x050f0000, 0x0528fff8, 0x05290000)
  to   space 1664K,   0% used [0x04f50000, 0x04f50000, 0x050f0000)
 tenured generation   total 33888K, used 31707K [0x09750000, 0x0b868000, 0x14200000)
   the space 33888K,  93% used [0x09750000, 0x0b646c28, 0x0b646e00, 0x0b868000)
 Metaspace       used 394K, capacity 2600K, committed 2624K, reserved 4480K
Event: 14.980 GC heap after
Heap after GC invocations=24 (full 3):
 def new generation   total 26944K, used 1663K [0x04200000, 0x05f30000, 0x09750000)
  eden space 24000K,   6% used [0x04200000, 0x0439fc48, 0x05970000)
  from space 2944K,   0% used [0x05970000, 0x05970000, 0x05c50000)
  to   space 2944K,   0% used [0x05c50000, 0x05c50000, 0x05f30000)
 tenured generation   total 59680K, used 35808K [0x09750000, 0x0d198000, 0x14200000)
   the space 59680K,  60% used [0x09750000, 0x0ba48000, 0x0ba48000, 0x0d198000)
 Metaspace       used 394K, capacity 2600K, committed 2624K, reserved 4480K
}
Event: 15.701 GC heap before
{Heap before GC invocations=24 (full 3):
 def new generation   total 26944K, used 24000K [0x04200000, 0x05f30000, 0x09750000)
  eden space 24000K, 100% used [0x04200000, 0x05970000, 0x05970000)
  from space 2944K,   0% used [0x05970000, 0x05970000, 0x05c50000)
  to   space 2944K,   0% used [0x05c50000, 0x05c50000, 0x05f30000)
 tenured generation   total 59680K, used 35808K [0x09750000, 0x0d198000, 0x14200000)
   the space 59680K,  60% used [0x09750000, 0x0ba48000, 0x0ba48000, 0x0d198000)
 Metaspace       used 394K, capacity 2600K, committed 2624K, reserved 4480K
Event: 15.727 GC heap after
Heap after GC invocations=25 (full 3):
 def new generation   total 26944K, used 2944K [0x04200000, 0x05f30000, 0x09750000)
  eden space 24000K,   0% used [0x04200000, 0x04200000, 0x05970000)
  from space 2944K, 100% used [0x05c50000, 0x05f30000, 0x05f30000)
  to   space 2944K,   0% used [0x05970000, 0x05970000, 0x05c50000)
 tenured generation   total 59680K, used 41245K [0x09750000, 0x0d198000, 0x14200000)
   the space 59680K,  69% used [0x09750000, 0x0bf97548, 0x0bf97600, 0x0d198000)
 Metaspace       used 394K, capacity 2600K, committed 2624K, reserved 4480K
}
Event: 16.480 GC heap before
{Heap before GC invocations=25 (full 3):
 def new generation   total 26944K, used 26944K [0x04200000, 0x05f30000, 0x09750000)
  eden space 24000K, 100% used [0x04200000, 0x05970000, 0x05970000)
  from space 2944K, 100% used [0x05c50000, 0x05f30000, 0x05f30000)
  to   space 2944K,   0% used [0x05970000, 0x05970000, 0x05c50000)
 tenured generation   total 59680K, used 41245K [0x09750000, 0x0d198000, 0x14200000)
   the space 59680K,  69% used [0x09750000, 0x0bf97548, 0x0bf97600, 0x0d198000)
 Metaspace       used 394K, capacity 2600K, committed 2624K, reserved 4480K
Event: 16.499 GC heap after
Heap after GC invocations=26 (full 3):
 def new generation   total 26944K, used 2943K [0x04200000, 0x05f30000, 0x09750000)
  eden space 24000K,   0% used [0x04200000, 0x04200000, 0x05970000)
  from space 2944K,  99% used [0x05970000, 0x05c4fff8, 0x05c50000)
  to   space 2944K,   0% used [0x05c50000, 0x05c50000, 0x05f30000)
 tenured generation   total 59680K, used 48464K [0x09750000, 0x0d198000, 0x14200000)
   the space 59680K,  81% used [0x09750000, 0x0c6a41f8, 0x0c6a4200, 0x0d198000)
 Metaspace       used 394K, capacity 2600K, committed 2624K, reserved 4480K
}
Event: 17.243 GC heap before
{Heap before GC invocations=26 (full 3):
 def new generation   total 26944K, used 26943K [0x04200000, 0x05f30000, 0x09750000)
  eden space 24000K, 100% used [0x04200000, 0x05970000, 0x05970000)
  from space 2944K,  99% used [0x05970000, 0x05c4fff8, 0x05c50000)
  to   space 2944K,   0% used [0x05c50000, 0x05c50000, 0x05f30000)
 tenured generation   total 59680K, used 48464K [0x09750000, 0x0d198000, 0x14200000)
   the space 59680K,  81% used [0x09750000, 0x0c6a41f8, 0x0c6a4200, 0x0d198000)
 Metaspace       used 394K, capacity 2600K, committed 2624K, reserved 4480K
Event: 17.260 GC heap after
Heap after GC invocations=27 (full 3):
 def new generation   total 26944K, used 2943K [0x04200000, 0x05f30000, 0x09750000)
  eden space 24000K,   0% used [0x04200000, 0x04200000, 0x05970000)
  from space 2944K,  99% used [0x05c50000, 0x05f2fff8, 0x05f30000)
  to   space 2944K,   0% used [0x05970000, 0x05970000, 0x05c50000)
 tenured generation   total 59680K, used 55682K [0x09750000, 0x0d198000, 0x14200000)
   the space 59680K,  93% used [0x09750000, 0x0cdb0b40, 0x0cdb0c00, 0x0d198000)
 Metaspace       used 394K, capacity 2600K, committed 2624K, reserved 4480K
}

