# JRE version: Java(TM) SE Runtime Environment (8.0_111-b14) (build 1.8.0_111-b14)
# Java VM: Java HotSpot(TM) Client VM (25.111-b14 mixed mode windows-x86 )
Heap:
 def new generation   total 8576K, used 1202K [0x04800000, 0x05140000, 0x09d50000)
  eden space 7680K,   3% used [0x04800000, 0x0484c978, 0x04f80000)
  from space 896K,  99% used [0x05060000, 0x0513fff8, 0x05140000)
  to   space 896K,   0% used [0x04f80000, 0x04f80000, 0x05060000)
 tenured generation   total 18880K, used 17430K [0x09d50000, 0x0afc0000, 0x14800000)
   the space 18880K,  92% used [0x09d50000, 0x0ae559b0, 0x0ae55a00, 0x0afc0000)
 Metaspace       used 2065K, capacity 2600K, committed 2624K, reserved 4480K
GC Heap History (10 events):
Event: 12.434 GC heap before
{Heap before GC invocations=15 (full 1):
 def new generation   total 8576K, used 7680K [0x04800000, 0x05140000, 0x09d50000)
  eden space 7680K, 100% used [0x04800000, 0x04f80000, 0x04f80000)
  from space 896K,   0% used [0x04f80000, 0x04f80000, 0x05060000)
  to   space 896K,   0% used [0x05060000, 0x05060000, 0x05140000)
 tenured generation   total 18880K, used 11327K [0x09d50000, 0x0afc0000, 0x14800000)
   the space 18880K,  59% used [0x09d50000, 0x0a85fff0, 0x0a860000, 0x0afc0000)
 Metaspace       used 2065K, capacity 2600K, committed 2624K, reserved 4480K
Event: 12.442 GC heap after
Heap after GC invocations=16 (full 1):
 def new generation   total 8576K, used 896K [0x04800000, 0x05140000, 0x09d50000)
  eden space 7680K,   0% used [0x04800000, 0x04800000, 0x04f80000)
  from space 896K, 100% used [0x05060000, 0x05140000, 0x05140000)
  to   space 896K,   0% used [0x04f80000, 0x04f80000, 0x05060000)
 tenured generation   total 18880K, used 12163K [0x09d50000, 0x0afc0000, 0x14800000)
   the space 18880K,  64% used [0x09d50000, 0x0a930e48, 0x0a931000, 0x0afc0000)
 Metaspace       used 2065K, capacity 2600K, committed 2624K, reserved 4480K
}
Event: 12.652 GC heap before
{Heap before GC invocations=16 (full 1):
 def new generation   total 8576K, used 8576K [0x04800000, 0x05140000, 0x09d50000)
  eden space 7680K, 100% used [0x04800000, 0x04f80000, 0x04f80000)
  from space 896K, 100% used [0x05060000, 0x05140000, 0x05140000)
  to   space 896K,   0% used [0x04f80000, 0x04f80000, 0x05060000)
 tenured generation   total 18880K, used 12163K [0x09d50000, 0x0afc0000, 0x14800000)
   the space 18880K,  64% used [0x09d50000, 0x0a930e48, 0x0a931000, 0x0afc0000)
 Metaspace       used 2065K, capacity 2600K, committed 2624K, reserved 4480K
Event: 12.657 GC heap after
Heap after GC invocations=17 (full 1):
 def new generation   total 8576K, used 896K [0x04800000, 0x05140000, 0x09d50000)
  eden space 7680K,   0% used [0x04800000, 0x04800000, 0x04f80000)
  from space 896K, 100% used [0x04f80000, 0x05060000, 0x05060000)
  to   space 896K,   0% used [0x05060000, 0x05060000, 0x05140000)
 tenured generation   total 18880K, used 13480K [0x09d50000, 0x0afc0000, 0x14800000)
   the space 18880K,  71% used [0x09d50000, 0x0aa7a0b8, 0x0aa7a200, 0x0afc0000)
 Metaspace       used 2065K, capacity 2600K, committed 2624K, reserved 4480K
}
Event: 12.868 GC heap before
{Heap before GC invocations=17 (full 1):
 def new generation   total 8576K, used 8576K [0x04800000, 0x05140000, 0x09d50000)
  eden space 7680K, 100% used [0x04800000, 0x04f80000, 0x04f80000)
  from space 896K, 100% used [0x04f80000, 0x05060000, 0x05060000)
  to   space 896K,   0% used [0x05060000, 0x05060000, 0x05140000)
 tenured generation   total 18880K, used 13480K [0x09d50000, 0x0afc0000, 0x14800000)
   the space 18880K,  71% used [0x09d50000, 0x0aa7a0b8, 0x0aa7a200, 0x0afc0000)
 Metaspace       used 2065K, capacity 2600K, committed 2624K, reserved 4480K
Event: 12.873 GC heap after
Heap after GC invocations=18 (full 1):
 def new generation   total 8576K, used 896K [0x04800000, 0x05140000, 0x09d50000)
  eden space 7680K,   0% used [0x04800000, 0x04800000, 0x04f80000)
  from space 896K, 100% used [0x05060000, 0x05140000, 0x05140000)
  to   space 896K,   0% used [0x04f80000, 0x04f80000, 0x05060000)
 tenured generation   total 18880K, used 14797K [0x09d50000, 0x0afc0000, 0x14800000)
   the space 18880K,  78% used [0x09d50000, 0x0abc34e0, 0x0abc3600, 0x0afc0000)
 Metaspace       used 2065K, capacity 2600K, committed 2624K, reserved 4480K
}
Event: 13.079 GC heap before
{Heap before GC invocations=18 (full 1):
 def new generation   total 8576K, used 8576K [0x04800000, 0x05140000, 0x09d50000)
  eden space 7680K, 100% used [0x04800000, 0x04f80000, 0x04f80000)
  from space 896K, 100% used [0x05060000, 0x05140000, 0x05140000)
  to   space 896K,   0% used [0x04f80000, 0x04f80000, 0x05060000)
 tenured generation   total 18880K, used 14797K [0x09d50000, 0x0afc0000, 0x14800000)
   the space 18880K,  78% used [0x09d50000, 0x0abc34e0, 0x0abc3600, 0x0afc0000)
 Metaspace       used 2065K, capacity 2600K, committed 2624K, reserved 4480K
Event: 13.084 GC heap after
Heap after GC invocations=19 (full 1):
 def new generation   total 8576K, used 895K [0x04800000, 0x05140000, 0x09d50000)
  eden space 7680K,   0% used [0x04800000, 0x04800000, 0x04f80000)
  from space 896K,  99% used [0x04f80000, 0x0505fff8, 0x05060000)
  to   space 896K,   0% used [0x05060000, 0x05060000, 0x05140000)
 tenured generation   total 18880K, used 16113K [0x09d50000, 0x0afc0000, 0x14800000)
   the space 18880K,  85% used [0x09d50000, 0x0ad0c7a8, 0x0ad0c800, 0x0afc0000)
 Metaspace       used 2065K, capacity 2600K, committed 2624K, reserved 4480K
}
Event: 13.296 GC heap before
{Heap before GC invocations=19 (full 1):
 def new generation   total 8576K, used 8575K [0x04800000, 0x05140000, 0x09d50000)
  eden space 7680K, 100% used [0x04800000, 0x04f80000, 0x04f80000)
  from space 896K,  99% used [0x04f80000, 0x0505fff8, 0x05060000)
  to   space 896K,   0% used [0x05060000, 0x05060000, 0x05140000)
 tenured generation   total 18880K, used 16113K [0x09d50000, 0x0afc0000, 0x14800000)
   the space 18880K,  85% used [0x09d50000, 0x0ad0c7a8, 0x0ad0c800, 0x0afc0000)
 Metaspace       used 2065K, capacity 2600K, committed 2624K, reserved 4480K
Event: 13.302 GC heap after
Heap after GC invocations=20 (full 1):
 def new generation   total 8576K, used 895K [0x04800000, 0x05140000, 0x09d50000)
  eden space 7680K,   0% used [0x04800000, 0x04800000, 0x04f80000)
  from space 896K,  99% used [0x05060000, 0x0513fff8, 0x05140000)
  to   space 896K,   0% used [0x04f80000, 0x04f80000, 0x05060000)
 tenured generation   total 18880K, used 17430K [0x09d50000, 0x0afc0000, 0x14800000)
   the space 18880K,  92% used [0x09d50000, 0x0ae559b0, 0x0ae55a00, 0x0afc0000)
 Metaspace       used 2065K, capacity 2600K, committed 2624K, reserved 4480K
}

