# JRE version: Java(TM) SE Runtime Environment (8.0_111-b14) (build 1.8.0_111-b14)
# Java VM: Java HotSpot(TM) Client VM (25.111-b14 mixed mode, sharing windows-x86 )
Heap:
 def new generation   total 27264K, used 5410K [0x04200000, 0x05f90000, 0x09750000)
  eden space 24256K,   9% used [0x04200000, 0x04458b10, 0x059b0000)
  from space 3008K, 100% used [0x05ca0000, 0x05f90000, 0x05f90000)
  to   space 3008K,   0% used [0x059b0000, 0x059b0000, 0x05ca0000)
 tenured generation   total 60440K, used 56017K [0x09750000, 0x0d256000, 0x14200000)
   the space 60440K,  92% used [0x09750000, 0x0ce04618, 0x0ce04800, 0x0d256000)
 Metaspace       used 394K, capacity 2600K, committed 2624K, reserved 4480K
GC Heap History (10 events):
Event: 12.670 GC heap before
{Heap before GC invocations=19 (full 2):
 def new generation   total 15616K, used 15615K [0x04200000, 0x052f0000, 0x09750000)
  eden space 13888K, 100% used [0x04200000, 0x04f90000, 0x04f90000)
  from space 1728K,  99% used [0x04f90000, 0x0513fff8, 0x05140000)
  to   space 1728K,   0% used [0x05140000, 0x05140000, 0x052f0000)
 tenured generation   total 34600K, used 27921K [0x09750000, 0x0b91a000, 0x14200000)
   the space 34600K,  80% used [0x09750000, 0x0b2944f8, 0x0b294600, 0x0b91a000)
 Metaspace       used 394K, capacity 2600K, committed 2624K, reserved 4480K
Event: 12.680 GC heap after
Heap after GC invocations=20 (full 2):
 def new generation   total 15616K, used 1727K [0x04200000, 0x052f0000, 0x09750000)
  eden space 13888K,   0% used [0x04200000, 0x04200000, 0x04f90000)
  from space 1728K,  99% used [0x05140000, 0x052efff8, 0x052f0000)
  to   space 1728K,   0% used [0x04f90000, 0x04f90000, 0x05140000)
 tenured generation   total 34600K, used 32125K [0x09750000, 0x0b91a000, 0x14200000)
   the space 34600K,  92% used [0x09750000, 0x0b6af7a8, 0x0b6af800, 0x0b91a000)
 Metaspace       used 394K, capacity 2600K, committed 2624K, reserved 4480K
}
Event: 13.080 GC heap before
{Heap before GC invocations=20 (full 2):
 def new generation   total 15616K, used 15615K [0x04200000, 0x052f0000, 0x09750000)
  eden space 13888K, 100% used [0x04200000, 0x04f90000, 0x04f90000)
  from space 1728K,  99% used [0x05140000, 0x052efff8, 0x052f0000)
  to   space 1728K,   0% used [0x04f90000, 0x04f90000, 0x05140000)
 tenured generation   total 34600K, used 32125K [0x09750000, 0x0b91a000, 0x14200000)
   the space 34600K,  92% used [0x09750000, 0x0b6af7a8, 0x0b6af800, 0x0b91a000)
 Metaspace       used 394K, capacity 2600K, committed 2624K, reserved 4480K
Event: 13.152 GC heap after
Heap after GC invocations=21 (full 3):
 def new generation   total 27264K, used 1705K [0x04200000, 0x05f90000, 0x09750000)
  eden space 24256K,   7% used [0x04200000, 0x043aa590, 0x059b0000)
  from space 3008K,   0% used [0x059b0000, 0x059b0000, 0x05ca0000)
  to   space 3008K,   0% used [0x05ca0000, 0x05ca0000, 0x05f90000)
 tenured generation   total 60440K, used 36263K [0x09750000, 0x0d256000, 0x14200000)
   the space 60440K,  59% used [0x09750000, 0x0bab9ff8, 0x0baba000, 0x0d256000)
 Metaspace       used 394K, capacity 2600K, committed 2624K, reserved 4480K
}
Event: 13.800 GC heap before
{Heap before GC invocations=21 (full 3):
 def new generation   total 27264K, used 24256K [0x04200000, 0x05f90000, 0x09750000)
  eden space 24256K, 100% used [0x04200000, 0x059b0000, 0x059b0000)
  from space 3008K,   0% used [0x059b0000, 0x059b0000, 0x05ca0000)
  to   space 3008K,   0% used [0x05ca0000, 0x05ca0000, 0x05f90000)
 tenured generation   total 60440K, used 36263K [0x09750000, 0x0d256000, 0x14200000)
   the space 60440K,  59% used [0x09750000, 0x0bab9ff8, 0x0baba000, 0x0d256000)
 Metaspace       used 394K, capacity 2600K, committed 2624K, reserved 4480K
Event: 13.827 GC heap after
Heap after GC invocations=22 (full 3):
 def new generation   total 27264K, used 3008K [0x04200000, 0x05f90000, 0x09750000)
  eden space 24256K,   0% used [0x04200000, 0x04200000, 0x059b0000)
  from space 3008K, 100% used [0x05ca0000, 0x05f90000, 0x05f90000)
  to   space 3008K,   0% used [0x059b0000, 0x059b0000, 0x05ca0000)
 tenured generation   total 60440K, used 41643K [0x09750000, 0x0d256000, 0x14200000)
   the space 60440K,  68% used [0x09750000, 0x0bffad90, 0x0bffae00, 0x0d256000)
 Metaspace       used 394K, capacity 2600K, committed 2624K, reserved 4480K
}
Event: 14.528 GC heap before
{Heap before GC invocations=22 (full 3):
 def new generation   total 27264K, used 27264K [0x04200000, 0x05f90000, 0x09750000)
  eden space 24256K, 100% used [0x04200000, 0x059b0000, 0x059b0000)
  from space 3008K, 100% used [0x05ca0000, 0x05f90000, 0x05f90000)
  to   space 3008K,   0% used [0x059b0000, 0x059b0000, 0x05ca0000)
 tenured generation   total 60440K, used 41643K [0x09750000, 0x0d256000, 0x14200000)
   the space 60440K,  68% used [0x09750000, 0x0bffad90, 0x0bffae00, 0x0d256000)
 Metaspace       used 394K, capacity 2600K, committed 2624K, reserved 4480K
Event: 14.546 GC heap after
Heap after GC invocations=23 (full 3):
 def new generation   total 27264K, used 3007K [0x04200000, 0x05f90000, 0x09750000)
  eden space 24256K,   0% used [0x04200000, 0x04200000, 0x059b0000)
  from space 3008K,  99% used [0x059b0000, 0x05c9fff8, 0x05ca0000)
  to   space 3008K,   0% used [0x05ca0000, 0x05ca0000, 0x05f90000)
 tenured generation   total 60440K, used 48830K [0x09750000, 0x0d256000, 0x14200000)
   the space 60440K,  80% used [0x09750000, 0x0c6ff9e0, 0x0c6ffa00, 0x0d256000)
 Metaspace       used 394K, capacity 2600K, committed 2624K, reserved 4480K
}
Event: 15.255 GC heap before
{Heap before GC invocations=23 (full 3):
 def new generation   total 27264K, used 27263K [0x04200000, 0x05f90000, 0x09750000)
  eden space 24256K, 100% used [0x04200000, 0x059b0000, 0x059b0000)
  from space 3008K,  99% used [0x059b0000, 0x05c9fff8, 0x05ca0000)
  to   space 3008K,   0% used [0x05ca0000, 0x05ca0000, 0x05f90000)
 tenured generation   total 60440K, used 48830K [0x09750000, 0x0d256000, 0x14200000)
   the space 60440K,  80% used [0x09750000, 0x0c6ff9e0, 0x0c6ffa00, 0x0d256000)
 Metaspace       used 394K, capacity 2600K, committed 2624K, reserved 4480K
Event: 15.273 GC heap after
Heap after GC invocations=24 (full 3):
 def new generation   total 27264K, used 3008K [0x04200000, 0x05f90000, 0x09750000)
  eden space 24256K,   0% used [0x04200000, 0x04200000, 0x059b0000)
  from space 3008K, 100% used [0x05ca0000, 0x05f90000, 0x05f90000)
  to   space 3008K,   0% used [0x059b0000, 0x059b0000, 0x05ca0000)
 tenured generation   total 60440K, used 56017K [0x09750000, 0x0d256000, 0x14200000)
   the space 60440K,  92% used [0x09750000, 0x0ce04618, 0x0ce04800, 0x0d256000)
 Metaspace       used 394K, capacity 2600K, committed 2624K, reserved 4480K
}

