# JRE version: Java(TM) SE Runtime Environment (8.0_111-b14) (build 1.8.0_111-b14)
# Java VM: Java HotSpot(TM) Client VM (25.111-b14 mixed mode windows-x86 )
Heap:
 def new generation   total 8576K, used 1202K [0x04800000, 0x05140000, 0x09d50000)
  eden space 7680K,   3% used [0x04800000, 0x0484c818, 0x04f80000)
  from space 896K,  99% used [0x05060000, 0x0513fff8, 0x05140000)
  to   space 896K,   0% used [0x04f80000, 0x04f80000, 0x05060000)
 tenured generation   total 18880K, used 17423K [0x09d50000, 0x0afc0000, 0x14800000)
   the space 18880K,  92% used [0x09d50000, 0x0ae53fe8, 0x0ae54000, 0x0afc0000)
 Metaspace       used 2065K, capacity 2600K, committed 2624K, reserved 4480K
GC Heap History (10 events):
Event: 9.266 GC heap before
{Heap before GC invocations=15 (full 1):
 def new generation   total 8576K, used 7680K [0x04800000, 0x05140000, 0x09d50000)
  eden space 7680K, 100% used [0x04800000, 0x04f80000, 0x04f80000)
  from space 896K,   0% used [0x04f80000, 0x04f80000, 0x05060000)
  to   space 896K,   0% used [0x05060000, 0x05060000, 0x05140000)
 tenured generation   total 18880K, used 11328K [0x09d50000, 0x0afc0000, 0x14800000)
   the space 18880K,  60% used [0x09d50000, 0x0a860000, 0x0a860000, 0x0afc0000)
 Metaspace       used 2065K, capacity 2600K, committed 2624K, reserved 4480K
Event: 9.274 GC heap after
Heap after GC invocations=16 (full 1):
 def new generation   total 8576K, used 896K [0x04800000, 0x05140000, 0x09d50000)
  eden space 7680K,   0% used [0x04800000, 0x04800000, 0x04f80000)
  from space 896K, 100% used [0x05060000, 0x05140000, 0x05140000)
  to   space 896K,   0% used [0x04f80000, 0x04f80000, 0x05060000)
 tenured generation   total 18880K, used 12157K [0x09d50000, 0x0afc0000, 0x14800000)
   the space 18880K,  64% used [0x09d50000, 0x0a92f440, 0x0a92f600, 0x0afc0000)
 Metaspace       used 2065K, capacity 2600K, committed 2624K, reserved 4480K
}
Event: 9.483 GC heap before
{Heap before GC invocations=16 (full 1):
 def new generation   total 8576K, used 8576K [0x04800000, 0x05140000, 0x09d50000)
  eden space 7680K, 100% used [0x04800000, 0x04f80000, 0x04f80000)
  from space 896K, 100% used [0x05060000, 0x05140000, 0x05140000)
  to   space 896K,   0% used [0x04f80000, 0x04f80000, 0x05060000)
 tenured generation   total 18880K, used 12157K [0x09d50000, 0x0afc0000, 0x14800000)
   the space 18880K,  64% used [0x09d50000, 0x0a92f440, 0x0a92f600, 0x0afc0000)
 Metaspace       used 2065K, capacity 2600K, committed 2624K, reserved 4480K
Event: 9.488 GC heap after
Heap after GC invocations=17 (full 1):
 def new generation   total 8576K, used 896K [0x04800000, 0x05140000, 0x09d50000)
  eden space 7680K,   0% used [0x04800000, 0x04800000, 0x04f80000)
  from space 896K, 100% used [0x04f80000, 0x05060000, 0x05060000)
  to   space 896K,   0% used [0x05060000, 0x05060000, 0x05140000)
 tenured generation   total 18880K, used 13473K [0x09d50000, 0x0afc0000, 0x14800000)
   the space 18880K,  71% used [0x09d50000, 0x0aa78738, 0x0aa78800, 0x0afc0000)
 Metaspace       used 2065K, capacity 2600K, committed 2624K, reserved 4480K
}
Event: 9.700 GC heap before
{Heap before GC invocations=17 (full 1):
 def new generation   total 8576K, used 8576K [0x04800000, 0x05140000, 0x09d50000)
  eden space 7680K, 100% used [0x04800000, 0x04f80000, 0x04f80000)
  from space 896K, 100% used [0x04f80000, 0x05060000, 0x05060000)
  to   space 896K,   0% used [0x05060000, 0x05060000, 0x05140000)
 tenured generation   total 18880K, used 13473K [0x09d50000, 0x0afc0000, 0x14800000)
   the space 18880K,  71% used [0x09d50000, 0x0aa78738, 0x0aa78800, 0x0afc0000)
 Metaspace       used 2065K, capacity 2600K, committed 2624K, reserved 4480K
Event: 9.705 GC heap after
Heap after GC invocations=18 (full 1):
 def new generation   total 8576K, used 895K [0x04800000, 0x05140000, 0x09d50000)
  eden space 7680K,   0% used [0x04800000, 0x04800000, 0x04f80000)
  from space 896K,  99% used [0x05060000, 0x0513fff8, 0x05140000)
  to   space 896K,   0% used [0x04f80000, 0x04f80000, 0x05060000)
 tenured generation   total 18880K, used 14790K [0x09d50000, 0x0afc0000, 0x14800000)
   the space 18880K,  78% used [0x09d50000, 0x0abc1910, 0x0abc1a00, 0x0afc0000)
 Metaspace       used 2065K, capacity 2600K, committed 2624K, reserved 4480K
}
Event: 9.914 GC heap before
{Heap before GC invocations=18 (full 1):
 def new generation   total 8576K, used 8575K [0x04800000, 0x05140000, 0x09d50000)
  eden space 7680K, 100% used [0x04800000, 0x04f80000, 0x04f80000)
  from space 896K,  99% used [0x05060000, 0x0513fff8, 0x05140000)
  to   space 896K,   0% used [0x04f80000, 0x04f80000, 0x05060000)
 tenured generation   total 18880K, used 14790K [0x09d50000, 0x0afc0000, 0x14800000)
   the space 18880K,  78% used [0x09d50000, 0x0abc1910, 0x0abc1a00, 0x0afc0000)
 Metaspace       used 2065K, capacity 2600K, committed 2624K, reserved 4480K
Event: 9.919 GC heap after
Heap after GC invocations=19 (full 1):
 def new generation   total 8576K, used 895K [0x04800000, 0x05140000, 0x09d50000)
  eden space 7680K,   0% used [0x04800000, 0x04800000, 0x04f80000)
  from space 896K,  99% used [0x04f80000, 0x0505fff8, 0x05060000)
  to   space 896K,   0% used [0x05060000, 0x05060000, 0x05140000)
 tenured generation   total 18880K, used 16106K [0x09d50000, 0x0afc0000, 0x14800000)
   the space 18880K,  85% used [0x09d50000, 0x0ad0ab98, 0x0ad0ac00, 0x0afc0000)
 Metaspace       used 2065K, capacity 2600K, committed 2624K, reserved 4480K
}
Event: 10.125 GC heap before
{Heap before GC invocations=19 (full 1):
 def new generation   total 8576K, used 8575K [0x04800000, 0x05140000, 0x09d50000)
  eden space 7680K, 100% used [0x04800000, 0x04f80000, 0x04f80000)
  from space 896K,  99% used [0x04f80000, 0x0505fff8, 0x05060000)
  to   space 896K,   0% used [0x05060000, 0x05060000, 0x05140000)
 tenured generation   total 18880K, used 16106K [0x09d50000, 0x0afc0000, 0x14800000)
   the space 18880K,  85% used [0x09d50000, 0x0ad0ab98, 0x0ad0ac00, 0x0afc0000)
 Metaspace       used 2065K, capacity 2600K, committed 2624K, reserved 4480K
Event: 10.130 GC heap after
Heap after GC invocations=20 (full 1):
 def new generation   total 8576K, used 895K [0x04800000, 0x05140000, 0x09d50000)
  eden space 7680K,   0% used [0x04800000, 0x04800000, 0x04f80000)
  from space 896K,  99% used [0x05060000, 0x0513fff8, 0x05140000)
  to   space 896K,   0% used [0x04f80000, 0x04f80000, 0x05060000)
 tenured generation   total 18880K, used 17423K [0x09d50000, 0x0afc0000, 0x14800000)
   the space 18880K,  92% used [0x09d50000, 0x0ae53fe8, 0x0ae54000, 0x0afc0000)
 Metaspace       used 2065K, capacity 2600K, committed 2624K, reserved 4480K
}

